<?xml version="1.0" encoding="UTF-8"?>
<testng-results skipped="0" failed="0" ignored="0" total="1" passed="1">
  <reporter-output>
  </reporter-output>
  <suite name="pageObjects.StoreTest" duration-ms="12230" started-at="2021-06-20T21:20:20 AEST" finished-at="2021-06-20T21:20:33 AEST">
    <groups>
    </groups>
    <test name="Command line test" duration-ms="12230" started-at="2021-06-20T21:20:20 AEST" finished-at="2021-06-20T21:20:33 AEST">
      <class name="pageObjects.StoreTest">
        <test-method status="PASS" signature="setup()[pri:0, instance:pageObjects.StoreTest@1b68ddbd]" name="setup" is-config="true" duration-ms="11537" started-at="2021-06-20T21:20:20 AEST" finished-at="2021-06-20T21:20:32 AEST">
          <reporter-output>
          </reporter-output>
        </test-method> <!-- setup -->
        <test-method status="PASS" signature="testCase1()[pri:0, instance:pageObjects.StoreTest@1b68ddbd]" name="testCase1" duration-ms="2" started-at="2021-06-20T21:20:32 AEST" finished-at="2021-06-20T21:20:32 AEST">
          <reporter-output>
          </reporter-output>
        </test-method> <!-- testCase1 -->
        <test-method status="PASS" signature="tearDown()[pri:0, instance:pageObjects.StoreTest@1b68ddbd]" name="tearDown" is-config="true" duration-ms="643" started-at="2021-06-20T21:20:32 AEST" finished-at="2021-06-20T21:20:33 AEST">
          <reporter-output>
          </reporter-output>
        </test-method> <!-- tearDown -->
      </class> <!-- pageObjects.StoreTest -->
    </test> <!-- Command line test -->
  </suite> <!-- pageObjects.StoreTest -->
</testng-results>
